[21:07:31] [main/INFO]: Setting user: Player781
[21:07:32] [Client thread/INFO]: LWJGL Version: 2.9.1
[21:07:36] [Client thread/INFO]: Reloading ResourceManager: Default, FMLFileResourcePack:Forge Mod Loader, FMLFileResourcePack:Minecraft Forge, FMLFileResourcePack:Letsmod mod
[21:07:36] [Sound Library Loader/INFO]: Sound engine started
[21:07:38] [Client thread/INFO]: Created: 512x256 textures/blocks-atlas
[21:07:38] [Client thread/INFO]: Created: 256x256 textures/items-atlas
[21:07:38] [Client thread/INFO]: Reloading ResourceManager: Default, FMLFileResourcePack:Forge Mod Loader, FMLFileResourcePack:Minecraft Forge, FMLFileResourcePack:Letsmod mod
[21:07:38] [Client thread/INFO]: Created: 256x256 textures/items-atlas
[21:07:39] [Client thread/INFO]: Created: 512x256 textures/blocks-atlas
[21:07:39] [Sound Library Loader/INFO]: Sound engine started
[21:07:43] [Server thread/INFO]: Starting integrated minecraft server version 1.7.10
[21:07:43] [Server thread/INFO]: Generating keypair
[21:07:44] [Server thread/INFO]: Preparing start region for level 0
[21:07:44] [Server thread/INFO]: Changing view distance to 12, from 10
[21:07:45] [Server thread/INFO]: Player781[local:E:4e026acd] logged in with entity id 178 at (-404.76319692431247, 2.0, 1691.300000011921)
[21:07:45] [Server thread/INFO]: Player781 joined the game
[21:08:38] [Server thread/INFO]: Saving and pausing game...
[21:08:38] [Server thread/INFO]: Saving chunks for level 'Mod Test'/Overworld
[21:08:38] [Server thread/INFO]: Saving chunks for level 'Mod Test'/Nether
[21:08:38] [Server thread/INFO]: Saving chunks for level 'Mod Test'/The End
[21:08:39] [Server thread/INFO]: Stopping server
[21:08:39] [Server thread/INFO]: Saving players
[21:08:39] [Server thread/INFO]: Saving worlds
[21:08:39] [Server thread/INFO]: Saving chunks for level 'Mod Test'/Overworld
[21:08:39] [Server thread/INFO]: Saving chunks for level 'Mod Test'/Nether
[21:08:39] [Server thread/INFO]: Saving chunks for level 'Mod Test'/The End
[21:08:40] [Client thread/INFO]: Stopping!
